<?xml version="1.0" encoding="UTF-8"?>
<robot generator="Robot 4.0.3 (Python 3.9.6 on win32)" generated="20210715 20:34:55.923" rpa="false" schemaversion="2">
<suite id="s1" name="Estruturafor" source="C:\Users\omattos\sistreinamento\treinamentoSIS-Git\estruturafor.robot">
<test id="s1-t1" name="Contador">
<kw name="Contar010">
<for flavor="IN RANGE">
<var>${count}</var>
<value>0</value>
<value>11</value>
<iter>
<var name="${count}">0</var>
<kw name="Log To Console" library="BuiltIn">
<arg>${count}</arg>
<doc>Logs the given message to the console.</doc>
<status status="PASS" starttime="20210715 20:34:56.167" endtime="20210715 20:34:56.177"/>
</kw>
<status status="PASS" starttime="20210715 20:34:56.164" endtime="20210715 20:34:56.177"/>
</iter>
<iter>
<var name="${count}">1</var>
<kw name="Log To Console" library="BuiltIn">
<arg>${count}</arg>
<doc>Logs the given message to the console.</doc>
<status status="PASS" starttime="20210715 20:34:56.179" endtime="20210715 20:34:56.186"/>
</kw>
<status status="PASS" starttime="20210715 20:34:56.179" endtime="20210715 20:34:56.187"/>
</iter>
<iter>
<var name="${count}">2</var>
<kw name="Log To Console" library="BuiltIn">
<arg>${count}</arg>
<doc>Logs the given message to the console.</doc>
<status status="PASS" starttime="20210715 20:34:56.188" endtime="20210715 20:34:56.201"/>
</kw>
<status status="PASS" starttime="20210715 20:34:56.188" endtime="20210715 20:34:56.201"/>
</iter>
<iter>
<var name="${count}">3</var>
<kw name="Log To Console" library="BuiltIn">
<arg>${count}</arg>
<doc>Logs the given message to the console.</doc>
<status status="PASS" starttime="20210715 20:34:56.202" endtime="20210715 20:34:56.221"/>
</kw>
<status status="PASS" starttime="20210715 20:34:56.201" endtime="20210715 20:34:56.222"/>
</iter>
<iter>
<var name="${count}">4</var>
<kw name="Log To Console" library="BuiltIn">
<arg>${count}</arg>
<doc>Logs the given message to the console.</doc>
<status status="PASS" starttime="20210715 20:34:56.222" endtime="20210715 20:34:56.235"/>
</kw>
<status status="PASS" starttime="20210715 20:34:56.222" endtime="20210715 20:34:56.235"/>
</iter>
<iter>
<var name="${count}">5</var>
<kw name="Log To Console" library="BuiltIn">
<arg>${count}</arg>
<doc>Logs the given message to the console.</doc>
<status status="PASS" starttime="20210715 20:34:56.236" endtime="20210715 20:34:56.250"/>
</kw>
<status status="PASS" starttime="20210715 20:34:56.235" endtime="20210715 20:34:56.254"/>
</iter>
<iter>
<var name="${count}">6</var>
<kw name="Log To Console" library="BuiltIn">
<arg>${count}</arg>
<doc>Logs the given message to the console.</doc>
<status status="PASS" starttime="20210715 20:34:56.255" endtime="20210715 20:34:56.263"/>
</kw>
<status status="PASS" starttime="20210715 20:34:56.255" endtime="20210715 20:34:56.265"/>
</iter>
<iter>
<var name="${count}">7</var>
<kw name="Log To Console" library="BuiltIn">
<arg>${count}</arg>
<doc>Logs the given message to the console.</doc>
<status status="PASS" starttime="20210715 20:34:56.265" endtime="20210715 20:34:56.277"/>
</kw>
<status status="PASS" starttime="20210715 20:34:56.265" endtime="20210715 20:34:56.278"/>
</iter>
<iter>
<var name="${count}">8</var>
<kw name="Log To Console" library="BuiltIn">
<arg>${count}</arg>
<doc>Logs the given message to the console.</doc>
<status status="PASS" starttime="20210715 20:34:56.278" endtime="20210715 20:34:56.288"/>
</kw>
<status status="PASS" starttime="20210715 20:34:56.278" endtime="20210715 20:34:56.288"/>
</iter>
<iter>
<var name="${count}">9</var>
<kw name="Log To Console" library="BuiltIn">
<arg>${count}</arg>
<doc>Logs the given message to the console.</doc>
<status status="PASS" starttime="20210715 20:34:56.291" endtime="20210715 20:34:56.306"/>
</kw>
<status status="PASS" starttime="20210715 20:34:56.290" endtime="20210715 20:34:56.306"/>
</iter>
<iter>
<var name="${count}">10</var>
<kw name="Log To Console" library="BuiltIn">
<arg>${count}</arg>
<doc>Logs the given message to the console.</doc>
<status status="PASS" starttime="20210715 20:34:56.307" endtime="20210715 20:34:56.339"/>
</kw>
<status status="PASS" starttime="20210715 20:34:56.306" endtime="20210715 20:34:56.339"/>
</iter>
<status status="PASS" starttime="20210715 20:34:56.163" endtime="20210715 20:34:56.339"/>
</for>
<status status="PASS" starttime="20210715 20:34:56.150" endtime="20210715 20:34:56.339"/>
</kw>
<status status="PASS" starttime="20210715 20:34:56.130" endtime="20210715 20:34:56.425"/>
</test>
<test id="s1-t2" name="ContadorMax">
<kw name="ContarMax">
<arg>11</arg>
<for flavor="IN RANGE">
<var>${COUNT}</var>
<value>0</value>
<value>${MAX}</value>
<iter>
<var name="${COUNT}">0</var>
<kw name="Log To Console" library="BuiltIn">
<arg>${count}</arg>
<doc>Logs the given message to the console.</doc>
<status status="PASS" starttime="20210715 20:34:56.635" endtime="20210715 20:34:56.642"/>
</kw>
<status status="PASS" starttime="20210715 20:34:56.635" endtime="20210715 20:34:56.643"/>
</iter>
<iter>
<var name="${COUNT}">1</var>
<kw name="Log To Console" library="BuiltIn">
<arg>${count}</arg>
<doc>Logs the given message to the console.</doc>
<status status="PASS" starttime="20210715 20:34:56.644" endtime="20210715 20:34:56.663"/>
</kw>
<status status="PASS" starttime="20210715 20:34:56.643" endtime="20210715 20:34:56.663"/>
</iter>
<iter>
<var name="${COUNT}">2</var>
<kw name="Log To Console" library="BuiltIn">
<arg>${count}</arg>
<doc>Logs the given message to the console.</doc>
<status status="PASS" starttime="20210715 20:34:56.663" endtime="20210715 20:34:56.670"/>
</kw>
<status status="PASS" starttime="20210715 20:34:56.663" endtime="20210715 20:34:56.670"/>
</iter>
<iter>
<var name="${COUNT}">3</var>
<kw name="Log To Console" library="BuiltIn">
<arg>${count}</arg>
<doc>Logs the given message to the console.</doc>
<status status="PASS" starttime="20210715 20:34:56.672" endtime="20210715 20:34:56.677"/>
</kw>
<status status="PASS" starttime="20210715 20:34:56.671" endtime="20210715 20:34:56.677"/>
</iter>
<iter>
<var name="${COUNT}">4</var>
<kw name="Log To Console" library="BuiltIn">
<arg>${count}</arg>
<doc>Logs the given message to the console.</doc>
<status status="PASS" starttime="20210715 20:34:56.678" endtime="20210715 20:34:56.708"/>
</kw>
<status status="PASS" starttime="20210715 20:34:56.677" endtime="20210715 20:34:56.709"/>
</iter>
<iter>
<var name="${COUNT}">5</var>
<kw name="Log To Console" library="BuiltIn">
<arg>${count}</arg>
<doc>Logs the given message to the console.</doc>
<status status="PASS" starttime="20210715 20:34:56.709" endtime="20210715 20:34:56.754"/>
</kw>
<status status="PASS" starttime="20210715 20:34:56.709" endtime="20210715 20:34:56.755"/>
</iter>
<iter>
<var name="${COUNT}">6</var>
<kw name="Log To Console" library="BuiltIn">
<arg>${count}</arg>
<doc>Logs the given message to the console.</doc>
<status status="PASS" starttime="20210715 20:34:56.756" endtime="20210715 20:34:56.773"/>
</kw>
<status status="PASS" starttime="20210715 20:34:56.755" endtime="20210715 20:34:56.773"/>
</iter>
<iter>
<var name="${COUNT}">7</var>
<kw name="Log To Console" library="BuiltIn">
<arg>${count}</arg>
<doc>Logs the given message to the console.</doc>
<status status="PASS" starttime="20210715 20:34:56.775" endtime="20210715 20:34:56.796"/>
</kw>
<status status="PASS" starttime="20210715 20:34:56.773" endtime="20210715 20:34:56.796"/>
</iter>
<iter>
<var name="${COUNT}">8</var>
<kw name="Log To Console" library="BuiltIn">
<arg>${count}</arg>
<doc>Logs the given message to the console.</doc>
<status status="PASS" starttime="20210715 20:34:56.797" endtime="20210715 20:34:56.812"/>
</kw>
<status status="PASS" starttime="20210715 20:34:56.796" endtime="20210715 20:34:56.812"/>
</iter>
<iter>
<var name="${COUNT}">9</var>
<kw name="Log To Console" library="BuiltIn">
<arg>${count}</arg>
<doc>Logs the given message to the console.</doc>
<status status="PASS" starttime="20210715 20:34:56.813" endtime="20210715 20:34:56.829"/>
</kw>
<status status="PASS" starttime="20210715 20:34:56.813" endtime="20210715 20:34:56.830"/>
</iter>
<iter>
<var name="${COUNT}">10</var>
<kw name="Log To Console" library="BuiltIn">
<arg>${count}</arg>
<doc>Logs the given message to the console.</doc>
<status status="PASS" starttime="20210715 20:34:56.863" endtime="20210715 20:34:56.881"/>
</kw>
<status status="PASS" starttime="20210715 20:34:56.831" endtime="20210715 20:34:56.882"/>
</iter>
<status status="PASS" starttime="20210715 20:34:56.634" endtime="20210715 20:34:56.882"/>
</for>
<status status="PASS" starttime="20210715 20:34:56.630" endtime="20210715 20:34:56.882"/>
</kw>
<kw name="ContarMax">
<arg>21</arg>
<for flavor="IN RANGE">
<var>${COUNT}</var>
<value>0</value>
<value>${MAX}</value>
<iter>
<var name="${COUNT}">0</var>
<kw name="Log To Console" library="BuiltIn">
<arg>${count}</arg>
<doc>Logs the given message to the console.</doc>
<status status="PASS" starttime="20210715 20:34:56.956" endtime="20210715 20:34:56.972"/>
</kw>
<status status="PASS" starttime="20210715 20:34:56.955" endtime="20210715 20:34:56.972"/>
</iter>
<iter>
<var name="${COUNT}">1</var>
<kw name="Log To Console" library="BuiltIn">
<arg>${count}</arg>
<doc>Logs the given message to the console.</doc>
<status status="PASS" starttime="20210715 20:34:56.973" endtime="20210715 20:34:56.999"/>
</kw>
<status status="PASS" starttime="20210715 20:34:56.973" endtime="20210715 20:34:57.000"/>
</iter>
<iter>
<var name="${COUNT}">2</var>
<kw name="Log To Console" library="BuiltIn">
<arg>${count}</arg>
<doc>Logs the given message to the console.</doc>
<status status="PASS" starttime="20210715 20:34:57.002" endtime="20210715 20:34:57.043"/>
</kw>
<status status="PASS" starttime="20210715 20:34:57.000" endtime="20210715 20:34:57.044"/>
</iter>
<iter>
<var name="${COUNT}">3</var>
<kw name="Log To Console" library="BuiltIn">
<arg>${count}</arg>
<doc>Logs the given message to the console.</doc>
<status status="PASS" starttime="20210715 20:34:57.045" endtime="20210715 20:34:57.049"/>
</kw>
<status status="PASS" starttime="20210715 20:34:57.045" endtime="20210715 20:34:57.050"/>
</iter>
<iter>
<var name="${COUNT}">4</var>
<kw name="Log To Console" library="BuiltIn">
<arg>${count}</arg>
<doc>Logs the given message to the console.</doc>
<status status="PASS" starttime="20210715 20:34:57.052" endtime="20210715 20:34:57.055"/>
</kw>
<status status="PASS" starttime="20210715 20:34:57.051" endtime="20210715 20:34:57.055"/>
</iter>
<iter>
<var name="${COUNT}">5</var>
<kw name="Log To Console" library="BuiltIn">
<arg>${count}</arg>
<doc>Logs the given message to the console.</doc>
<status status="PASS" starttime="20210715 20:34:57.056" endtime="20210715 20:34:57.071"/>
</kw>
<status status="PASS" starttime="20210715 20:34:57.056" endtime="20210715 20:34:57.072"/>
</iter>
<iter>
<var name="${COUNT}">6</var>
<kw name="Log To Console" library="BuiltIn">
<arg>${count}</arg>
<doc>Logs the given message to the console.</doc>
<status status="PASS" starttime="20210715 20:34:57.073" endtime="20210715 20:34:57.088"/>
</kw>
<status status="PASS" starttime="20210715 20:34:57.072" endtime="20210715 20:34:57.088"/>
</iter>
<iter>
<var name="${COUNT}">7</var>
<kw name="Log To Console" library="BuiltIn">
<arg>${count}</arg>
<doc>Logs the given message to the console.</doc>
<status status="PASS" starttime="20210715 20:34:57.089" endtime="20210715 20:34:57.096"/>
</kw>
<status status="PASS" starttime="20210715 20:34:57.089" endtime="20210715 20:34:57.096"/>
</iter>
<iter>
<var name="${COUNT}">8</var>
<kw name="Log To Console" library="BuiltIn">
<arg>${count}</arg>
<doc>Logs the given message to the console.</doc>
<status status="PASS" starttime="20210715 20:34:57.097" endtime="20210715 20:34:57.113"/>
</kw>
<status status="PASS" starttime="20210715 20:34:57.097" endtime="20210715 20:34:57.113"/>
</iter>
<iter>
<var name="${COUNT}">9</var>
<kw name="Log To Console" library="BuiltIn">
<arg>${count}</arg>
<doc>Logs the given message to the console.</doc>
<status status="PASS" starttime="20210715 20:34:57.116" endtime="20210715 20:34:57.123"/>
</kw>
<status status="PASS" starttime="20210715 20:34:57.114" endtime="20210715 20:34:57.130"/>
</iter>
<iter>
<var name="${COUNT}">10</var>
<kw name="Log To Console" library="BuiltIn">
<arg>${count}</arg>
<doc>Logs the given message to the console.</doc>
<status status="PASS" starttime="20210715 20:34:57.132" endtime="20210715 20:34:57.140"/>
</kw>
<status status="PASS" starttime="20210715 20:34:57.131" endtime="20210715 20:34:57.143"/>
</iter>
<iter>
<var name="${COUNT}">11</var>
<kw name="Log To Console" library="BuiltIn">
<arg>${count}</arg>
<doc>Logs the given message to the console.</doc>
<status status="PASS" starttime="20210715 20:34:57.144" endtime="20210715 20:34:57.147"/>
</kw>
<status status="PASS" starttime="20210715 20:34:57.143" endtime="20210715 20:34:57.148"/>
</iter>
<iter>
<var name="${COUNT}">12</var>
<kw name="Log To Console" library="BuiltIn">
<arg>${count}</arg>
<doc>Logs the given message to the console.</doc>
<status status="PASS" starttime="20210715 20:34:57.149" endtime="20210715 20:34:57.188"/>
</kw>
<status status="PASS" starttime="20210715 20:34:57.148" endtime="20210715 20:34:57.189"/>
</iter>
<iter>
<var name="${COUNT}">13</var>
<kw name="Log To Console" library="BuiltIn">
<arg>${count}</arg>
<doc>Logs the given message to the console.</doc>
<status status="PASS" starttime="20210715 20:34:57.191" endtime="20210715 20:34:57.205"/>
</kw>
<status status="PASS" starttime="20210715 20:34:57.189" endtime="20210715 20:34:57.205"/>
</iter>
<iter>
<var name="${COUNT}">14</var>
<kw name="Log To Console" library="BuiltIn">
<arg>${count}</arg>
<doc>Logs the given message to the console.</doc>
<status status="PASS" starttime="20210715 20:34:57.206" endtime="20210715 20:34:57.243"/>
</kw>
<status status="PASS" starttime="20210715 20:34:57.205" endtime="20210715 20:34:57.243"/>
</iter>
<iter>
<var name="${COUNT}">15</var>
<kw name="Log To Console" library="BuiltIn">
<arg>${count}</arg>
<doc>Logs the given message to the console.</doc>
<status status="PASS" starttime="20210715 20:34:57.245" endtime="20210715 20:34:57.254"/>
</kw>
<status status="PASS" starttime="20210715 20:34:57.244" endtime="20210715 20:34:57.254"/>
</iter>
<iter>
<var name="${COUNT}">16</var>
<kw name="Log To Console" library="BuiltIn">
<arg>${count}</arg>
<doc>Logs the given message to the console.</doc>
<status status="PASS" starttime="20210715 20:34:57.255" endtime="20210715 20:34:57.263"/>
</kw>
<status status="PASS" starttime="20210715 20:34:57.254" endtime="20210715 20:34:57.265"/>
</iter>
<iter>
<var name="${COUNT}">17</var>
<kw name="Log To Console" library="BuiltIn">
<arg>${count}</arg>
<doc>Logs the given message to the console.</doc>
<status status="PASS" starttime="20210715 20:34:57.266" endtime="20210715 20:34:57.277"/>
</kw>
<status status="PASS" starttime="20210715 20:34:57.265" endtime="20210715 20:34:57.277"/>
</iter>
<iter>
<var name="${COUNT}">18</var>
<kw name="Log To Console" library="BuiltIn">
<arg>${count}</arg>
<doc>Logs the given message to the console.</doc>
<status status="PASS" starttime="20210715 20:34:57.279" endtime="20210715 20:34:57.293"/>
</kw>
<status status="PASS" starttime="20210715 20:34:57.278" endtime="20210715 20:34:57.293"/>
</iter>
<iter>
<var name="${COUNT}">19</var>
<kw name="Log To Console" library="BuiltIn">
<arg>${count}</arg>
<doc>Logs the given message to the console.</doc>
<status status="PASS" starttime="20210715 20:34:57.294" endtime="20210715 20:34:57.331"/>
</kw>
<status status="PASS" starttime="20210715 20:34:57.293" endtime="20210715 20:34:57.331"/>
</iter>
<iter>
<var name="${COUNT}">20</var>
<kw name="Log To Console" library="BuiltIn">
<arg>${count}</arg>
<doc>Logs the given message to the console.</doc>
<status status="PASS" starttime="20210715 20:34:57.332" endtime="20210715 20:34:57.339"/>
</kw>
<status status="PASS" starttime="20210715 20:34:57.331" endtime="20210715 20:34:57.340"/>
</iter>
<status status="PASS" starttime="20210715 20:34:56.954" endtime="20210715 20:34:57.340"/>
</for>
<status status="PASS" starttime="20210715 20:34:56.952" endtime="20210715 20:34:57.341"/>
</kw>
<status status="PASS" starttime="20210715 20:34:56.605" endtime="20210715 20:34:57.378"/>
</test>
<status status="PASS" starttime="20210715 20:34:55.929" endtime="20210715 20:34:57.469"/>
</suite>
<statistics>
<total>
<stat pass="2" fail="0" skip="0">All Tests</stat>
</total>
<tag>
</tag>
<suite>
<stat pass="2" fail="0" skip="0" id="s1" name="Estruturafor">Estruturafor</stat>
</suite>
</statistics>
<errors>
</errors>
</robot>
