<?xml version="1.0" encoding="UTF-8"?>
<robot generator="Robot 4.0.3 (Python 3.9.6 on win32)" generated="20210713 20:49:48.232" rpa="false" schemaversion="2">
<suite id="s1" name="Variaveis" source="C:\Users\omattos\sistreinamento\treinamentoSIS-Git\Variaveis.robot">
<test id="s1-t1" name="Imprimindo Variavel do Tipo Dicionario Completo">
<kw name="Log To Console" library="BuiltIn">
<arg>${Pessoa}</arg>
<doc>Logs the given message to the console.</doc>
<status status="PASS" starttime="20210713 20:49:48.363" endtime="20210713 20:49:48.379"/>
</kw>
<status status="PASS" starttime="20210713 20:49:48.356" endtime="20210713 20:49:48.382"/>
</test>
<test id="s1-t2" name="Imprimindo Variavel do Tipo Dicionario">
<kw name="Log To Console" library="BuiltIn">
<arg>${Pessoa.Nome}</arg>
<doc>Logs the given message to the console.</doc>
<status status="PASS" starttime="20210713 20:49:48.389" endtime="20210713 20:49:48.392"/>
</kw>
<kw name="Log To Console" library="BuiltIn">
<arg>${Pessoa.Idade}</arg>
<doc>Logs the given message to the console.</doc>
<status status="PASS" starttime="20210713 20:49:48.396" endtime="20210713 20:49:48.403"/>
</kw>
<kw name="Log To Console" library="BuiltIn">
<arg>${Pessoa.Sexo}</arg>
<doc>Logs the given message to the console.</doc>
<status status="PASS" starttime="20210713 20:49:48.405" endtime="20210713 20:49:48.409"/>
</kw>
<kw name="Log To Console" library="BuiltIn">
<arg>${Pessoa.EstadoCivil}</arg>
<doc>Logs the given message to the console.</doc>
<status status="PASS" starttime="20210713 20:49:48.410" endtime="20210713 20:49:48.412"/>
</kw>
<kw name="Log To Console" library="BuiltIn">
<arg>${Pessoa.Cidade}</arg>
<doc>Logs the given message to the console.</doc>
<status status="PASS" starttime="20210713 20:49:48.412" endtime="20210713 20:49:48.420"/>
</kw>
<kw name="Log To Console" library="BuiltIn">
<arg>${Pessoa.Estado}</arg>
<doc>Logs the given message to the console.</doc>
<status status="PASS" starttime="20210713 20:49:48.421" endtime="20210713 20:49:48.424"/>
</kw>
<status status="PASS" starttime="20210713 20:49:48.388" endtime="20210713 20:49:48.426"/>
</test>
<test id="s1-t3" name="Imprimindo Variavel do Tipo Lista Completa">
<kw name="Log To Console" library="BuiltIn">
<arg>${Celulares}</arg>
<doc>Logs the given message to the console.</doc>
<status status="PASS" starttime="20210713 20:49:48.432" endtime="20210713 20:49:48.440"/>
</kw>
<status status="PASS" starttime="20210713 20:49:48.429" endtime="20210713 20:49:48.441"/>
</test>
<status status="PASS" starttime="20210713 20:49:48.238" endtime="20210713 20:49:48.450"/>
</suite>
<statistics>
<total>
<stat pass="3" fail="0" skip="0">All Tests</stat>
</total>
<tag>
</tag>
<suite>
<stat pass="3" fail="0" skip="0" id="s1" name="Variaveis">Variaveis</stat>
</suite>
</statistics>
<errors>
</errors>
</robot>
