<?xml version="1.0" encoding="UTF-8"?>
<robot generator="Robot 4.0.3 (Python 3.9.6 on win32)" generated="20210720 21:25:53.725" rpa="false" schemaversion="2">
<suite id="s1" name="Teste Automacao" source="C:\Users\omattos\sistreinamento\treinamentoSIS-Git\Testes\teste_automacao.robot">
<test id="s1-t1" name="Cenario: Cadastro de novo cliente.">
<kw name="Open Browser" library="SeleniumLibrary">
<arg>http://automationpractice.com/index.php</arg>
<arg>chrome</arg>
<doc>Opens a new browser instance to the optional ``url``.</doc>
<msg timestamp="20210720 21:25:54.384" level="INFO">Opening browser 'chrome' to base url 'http://automationpractice.com/index.php'.</msg>
<status status="PASS" starttime="20210720 21:25:54.384" endtime="20210720 21:26:02.686"/>
</kw>
<kw name="Maximize Browser Window" library="SeleniumLibrary">
<doc>Maximizes current browser window.</doc>
<status status="PASS" starttime="20210720 21:26:02.689" endtime="20210720 21:26:02.919"/>
</kw>
<kw name="Set Selenium Timeout" library="SeleniumLibrary">
<arg>60</arg>
<doc>Sets the timeout that is used by various keywords.</doc>
<status status="PASS" starttime="20210720 21:26:02.921" endtime="20210720 21:26:02.930"/>
</kw>
<kw name="Click Element" library="SeleniumLibrary">
<arg>xpath=//a[@class='login']</arg>
<doc>Click the element identified by ``locator``.</doc>
<msg timestamp="20210720 21:26:02.934" level="INFO">Clicking element 'xpath=//a[@class='login']'.</msg>
<status status="PASS" starttime="20210720 21:26:02.933" endtime="20210720 21:26:04.777"/>
</kw>
<kw name="Wait Until Element Is Visible" library="SeleniumLibrary">
<arg>id=email_create</arg>
<doc>Waits until the element ``locator`` is visible.</doc>
<status status="PASS" starttime="20210720 21:26:04.778" endtime="20210720 21:26:04.902"/>
</kw>
<kw name="Input Text" library="SeleniumLibrary">
<arg>id=email_create</arg>
<arg>testeomf9@seudominio.com</arg>
<doc>Types the given ``text`` into the text field identified by ``locator``.</doc>
<msg timestamp="20210720 21:26:04.904" level="INFO">Typing text 'testeomf9@seudominio.com' into text field 'id=email_create'.</msg>
<status status="PASS" starttime="20210720 21:26:04.903" endtime="20210720 21:26:05.298"/>
</kw>
<kw name="Click Element" library="SeleniumLibrary">
<arg>xpath=//button[@class='btn btn-default button button-medium exclusive']</arg>
<doc>Click the element identified by ``locator``.</doc>
<msg timestamp="20210720 21:26:05.300" level="INFO">Clicking element 'xpath=//button[@class='btn btn-default button button-medium exclusive']'.</msg>
<status status="PASS" starttime="20210720 21:26:05.299" endtime="20210720 21:26:05.500"/>
</kw>
<kw name="Wait Until Element Is Visible" library="SeleniumLibrary">
<arg>id=id_gender1</arg>
<doc>Waits until the element ``locator`` is visible.</doc>
<status status="PASS" starttime="20210720 21:26:05.503" endtime="20210720 21:26:06.889"/>
</kw>
<kw name="Click Element" library="SeleniumLibrary">
<arg>id=id_gender1</arg>
<doc>Click the element identified by ``locator``.</doc>
<msg timestamp="20210720 21:26:06.891" level="INFO">Clicking element 'id=id_gender1'.</msg>
<status status="PASS" starttime="20210720 21:26:06.890" endtime="20210720 21:26:07.055"/>
</kw>
<kw name="Wait Until Element Is Visible" library="SeleniumLibrary">
<arg>id=customer_firstname</arg>
<doc>Waits until the element ``locator`` is visible.</doc>
<status status="PASS" starttime="20210720 21:26:07.057" endtime="20210720 21:26:07.154"/>
</kw>
<kw name="Input Text" library="SeleniumLibrary">
<arg>id=customer_firstname</arg>
<arg>Oswaldo</arg>
<doc>Types the given ``text`` into the text field identified by ``locator``.</doc>
<msg timestamp="20210720 21:26:07.156" level="INFO">Typing text 'Oswaldo' into text field 'id=customer_firstname'.</msg>
<status status="PASS" starttime="20210720 21:26:07.155" endtime="20210720 21:26:07.599"/>
</kw>
<kw name="Click Element" library="SeleniumLibrary">
<arg>id=customer_lastname</arg>
<doc>Click the element identified by ``locator``.</doc>
<msg timestamp="20210720 21:26:07.600" level="INFO">Clicking element 'id=customer_lastname'.</msg>
<status status="PASS" starttime="20210720 21:26:07.599" endtime="20210720 21:26:07.773"/>
</kw>
<kw name="Input Text" library="SeleniumLibrary">
<arg>id=customer_lastname</arg>
<arg>Ferreira</arg>
<doc>Types the given ``text`` into the text field identified by ``locator``.</doc>
<msg timestamp="20210720 21:26:07.776" level="INFO">Typing text 'Ferreira' into text field 'id=customer_lastname'.</msg>
<status status="PASS" starttime="20210720 21:26:07.775" endtime="20210720 21:26:07.983"/>
</kw>
<kw name="Wait Until Element Is Visible" library="SeleniumLibrary">
<arg>id=passwd</arg>
<doc>Waits until the element ``locator`` is visible.</doc>
<status status="PASS" starttime="20210720 21:26:07.985" endtime="20210720 21:26:08.055"/>
</kw>
<kw name="Input Text" library="SeleniumLibrary">
<arg>id=passwd</arg>
<arg>sis@1234</arg>
<doc>Types the given ``text`` into the text field identified by ``locator``.</doc>
<msg timestamp="20210720 21:26:08.059" level="INFO">Typing text 'sis@1234' into text field 'id=passwd'.</msg>
<status status="PASS" starttime="20210720 21:26:08.058" endtime="20210720 21:26:08.329"/>
</kw>
<kw name="Select From List By Value" library="SeleniumLibrary">
<arg>id=days</arg>
<arg>25</arg>
<doc>Selects options from selection list ``locator`` by ``values``.</doc>
<msg timestamp="20210720 21:26:08.331" level="INFO">Selecting options from selection list 'id=days' by value 25.</msg>
<status status="PASS" starttime="20210720 21:26:08.330" endtime="20210720 21:26:08.527"/>
</kw>
<kw name="Select From List By Value" library="SeleniumLibrary">
<arg>id=months</arg>
<arg>7</arg>
<doc>Selects options from selection list ``locator`` by ``values``.</doc>
<msg timestamp="20210720 21:26:08.530" level="INFO">Selecting options from selection list 'id=months' by value 7.</msg>
<status status="PASS" starttime="20210720 21:26:08.529" endtime="20210720 21:26:08.753"/>
</kw>
<kw name="Select From List By Value" library="SeleniumLibrary">
<arg>id=years</arg>
<arg>1962</arg>
<doc>Selects options from selection list ``locator`` by ``values``.</doc>
<msg timestamp="20210720 21:26:08.755" level="INFO">Selecting options from selection list 'id=years' by value 1962.</msg>
<status status="PASS" starttime="20210720 21:26:08.754" endtime="20210720 21:26:08.987"/>
</kw>
<kw name="Input Text" library="SeleniumLibrary">
<arg>id=firstname</arg>
<arg>Rua Perobas</arg>
<doc>Types the given ``text`` into the text field identified by ``locator``.</doc>
<msg timestamp="20210720 21:26:08.990" level="INFO">Typing text 'Rua Perobas' into text field 'id=firstname'.</msg>
<status status="PASS" starttime="20210720 21:26:08.989" endtime="20210720 21:26:09.357"/>
</kw>
<kw name="Input Text" library="SeleniumLibrary">
<arg>id=lastname</arg>
<arg>Roxa</arg>
<doc>Types the given ``text`` into the text field identified by ``locator``.</doc>
<msg timestamp="20210720 21:26:09.359" level="INFO">Typing text 'Roxa' into text field 'id=lastname'.</msg>
<status status="PASS" starttime="20210720 21:26:09.358" endtime="20210720 21:26:09.687"/>
</kw>
<kw name="Input Text" library="SeleniumLibrary">
<arg>id=company</arg>
<arg>SIS</arg>
<doc>Types the given ``text`` into the text field identified by ``locator``.</doc>
<msg timestamp="20210720 21:26:09.689" level="INFO">Typing text 'SIS' into text field 'id=company'.</msg>
<status status="PASS" starttime="20210720 21:26:09.688" endtime="20210720 21:26:10.024"/>
</kw>
<kw name="Input Text" library="SeleniumLibrary">
<arg>id=address1</arg>
<arg>Rua das Rosas</arg>
<doc>Types the given ``text`` into the text field identified by ``locator``.</doc>
<msg timestamp="20210720 21:26:10.026" level="INFO">Typing text 'Rua das Rosas' into text field 'id=address1'.</msg>
<status status="PASS" starttime="20210720 21:26:10.025" endtime="20210720 21:26:10.418"/>
</kw>
<kw name="Input Text" library="SeleniumLibrary">
<arg>id=address2</arg>
<arg>Sala 1</arg>
<doc>Types the given ``text`` into the text field identified by ``locator``.</doc>
<msg timestamp="20210720 21:26:10.425" level="INFO">Typing text 'Sala 1' into text field 'id=address2'.</msg>
<status status="PASS" starttime="20210720 21:26:10.424" endtime="20210720 21:26:10.716"/>
</kw>
<kw name="Input Text" library="SeleniumLibrary">
<arg>id=city</arg>
<arg>São Paulo</arg>
<doc>Types the given ``text`` into the text field identified by ``locator``.</doc>
<msg timestamp="20210720 21:26:10.723" level="INFO">Typing text 'São Paulo' into text field 'id=city'.</msg>
<status status="PASS" starttime="20210720 21:26:10.723" endtime="20210720 21:26:11.061"/>
</kw>
<kw name="Input Text" library="SeleniumLibrary">
<arg>id=postcode</arg>
<arg>06400</arg>
<doc>Types the given ``text`` into the text field identified by ``locator``.</doc>
<msg timestamp="20210720 21:26:11.063" level="INFO">Typing text '06400' into text field 'id=postcode'.</msg>
<status status="PASS" starttime="20210720 21:26:11.062" endtime="20210720 21:26:11.370"/>
</kw>
<kw name="Select From List By Label" library="SeleniumLibrary">
<arg>id=id_state</arg>
<arg>Texas</arg>
<doc>Selects options from selection list ``locator`` by ``labels``.</doc>
<msg timestamp="20210720 21:26:11.376" level="INFO">Selecting options from selection list 'id=id_state' by label Texas.</msg>
<status status="PASS" starttime="20210720 21:26:11.375" endtime="20210720 21:26:11.603"/>
</kw>
<kw name="Select From List By Value" library="SeleniumLibrary">
<arg>id=id_country</arg>
<arg>21</arg>
<doc>Selects options from selection list ``locator`` by ``values``.</doc>
<msg timestamp="20210720 21:26:11.610" level="INFO">Selecting options from selection list 'id=id_country' by value 21.</msg>
<status status="PASS" starttime="20210720 21:26:11.609" endtime="20210720 21:26:11.768"/>
</kw>
<kw name="Input Text" library="SeleniumLibrary">
<arg>id=other</arg>
<arg>Teste de automação</arg>
<doc>Types the given ``text`` into the text field identified by ``locator``.</doc>
<msg timestamp="20210720 21:26:11.770" level="INFO">Typing text 'Teste de automação' into text field 'id=other'.</msg>
<status status="PASS" starttime="20210720 21:26:11.769" endtime="20210720 21:26:12.081"/>
</kw>
<kw name="Input Text" library="SeleniumLibrary">
<arg>id=phone_mobile</arg>
<arg>11987654321</arg>
<doc>Types the given ``text`` into the text field identified by ``locator``.</doc>
<msg timestamp="20210720 21:26:12.101" level="INFO">Typing text '11987654321' into text field 'id=phone_mobile'.</msg>
<status status="PASS" starttime="20210720 21:26:12.100" endtime="20210720 21:26:12.447"/>
</kw>
<kw name="Click Element" library="SeleniumLibrary">
<arg>id=submitAccount</arg>
<doc>Click the element identified by ``locator``.</doc>
<msg timestamp="20210720 21:26:12.449" level="INFO">Clicking element 'id=submitAccount'.</msg>
<status status="PASS" starttime="20210720 21:26:12.448" endtime="20210720 21:26:14.243"/>
</kw>
<kw name="Capture Page Screenshot" library="SeleniumLibrary">
<doc>Takes a screenshot of the current page and embeds it into a log file.</doc>
<msg timestamp="20210720 21:26:15.039" level="INFO" html="true">&lt;/td&gt;&lt;/tr&gt;&lt;tr&gt;&lt;td colspan="3"&gt;&lt;a href="selenium-screenshot-1.png"&gt;&lt;img src="selenium-screenshot-1.png" width="800px"&gt;&lt;/a&gt;</msg>
<status status="PASS" starttime="20210720 21:26:14.244" endtime="20210720 21:26:15.039"/>
</kw>
<kw name="Get Text" library="SeleniumLibrary">
<var>${Mensagem_Atual}</var>
<arg>xpath=//h1[@class="page-heading"]</arg>
<doc>Returns the text value of the element identified by ``locator``.</doc>
<msg timestamp="20210720 21:26:15.128" level="INFO">${Mensagem_Atual} = MY ACCOUNT</msg>
<status status="PASS" starttime="20210720 21:26:15.046" endtime="20210720 21:26:15.128"/>
</kw>
<kw name="Should Be Equal" library="BuiltIn">
<arg>${Mensagem}</arg>
<arg>${Mensagem_Atual}</arg>
<doc>Fails if the given objects are unequal.</doc>
<status status="PASS" starttime="20210720 21:26:15.130" endtime="20210720 21:26:15.131"/>
</kw>
<kw name="Capture Page Screenshot" library="SeleniumLibrary">
<doc>Takes a screenshot of the current page and embeds it into a log file.</doc>
<msg timestamp="20210720 21:26:15.542" level="INFO" html="true">&lt;/td&gt;&lt;/tr&gt;&lt;tr&gt;&lt;td colspan="3"&gt;&lt;a href="selenium-screenshot-2.png"&gt;&lt;img src="selenium-screenshot-2.png" width="800px"&gt;&lt;/a&gt;</msg>
<status status="PASS" starttime="20210720 21:26:15.132" endtime="20210720 21:26:15.542"/>
</kw>
<kw name="Close Browser" library="SeleniumLibrary">
<doc>Closes the current browser.</doc>
<status status="PASS" starttime="20210720 21:26:15.542" endtime="20210720 21:26:20.961"/>
</kw>
<status status="PASS" starttime="20210720 21:25:54.382" endtime="20210720 21:26:20.961"/>
</test>
<status status="PASS" starttime="20210720 21:25:53.741" endtime="20210720 21:26:20.966"/>
</suite>
<statistics>
<total>
<stat pass="1" fail="0" skip="0">All Tests</stat>
</total>
<tag>
</tag>
<suite>
<stat pass="1" fail="0" skip="0" id="s1" name="Teste Automacao">Teste Automacao</stat>
</suite>
</statistics>
<errors>
</errors>
</robot>
